TN:
SF:src\app.js
FNF:0
FNH:0
DA:9,0
DA:11,0
DA:12,0
DA:13,0
DA:15,0
DA:17,0
LF:6
LH:0
BRF:0
BRH:0
end_of_record
TN:
SF:src\db.js
FN:6,(anonymous_0)
FNF:1
FNH:0
FNDA:0,(anonymous_0)
DA:4,0
DA:6,0
DA:7,0
DA:8,0
DA:9,0
DA:11,0
LF:6
LH:0
BRF:0
BRH:0
end_of_record
TN:
SF:src\index.js
FN:6,(anonymous_0)
FNF:1
FNH:0
FNDA:0,(anonymous_0)
DA:5,0
DA:6,0
DA:7,0
LF:3
LH:0
BRF:0
BRH:0
end_of_record
TN:
SF:src\controllers\AdminController.js
FN:7,(anonymous_0)
FN:77,(anonymous_1)
FNF:2
FNH:0
FNDA:0,(anonymous_0)
FNDA:0,(anonymous_1)
DA:7,0
DA:8,0
DA:21,0
DA:23,0
DA:25,0
DA:39,0
DA:44,0
DA:45,0
DA:50,0
DA:51,0
DA:63,0
DA:64,0
DA:65,0
DA:67,0
DA:69,0
DA:70,0
DA:71,0
DA:73,0
DA:77,0
DA:78,0
DA:79,0
DA:80,0
DA:82,0
DA:89,0
DA:90,0
DA:91,0
DA:93,0
DA:94,0
DA:95,0
DA:97,0
LF:30
LH:0
BRDA:44,0,0,0
BRDA:44,0,1,0
BRF:2
BRH:0
end_of_record
TN:
SF:src\controllers\LoginController.js
FN:6,(anonymous_0)
FNF:1
FNH:0
FNDA:0,(anonymous_0)
DA:6,0
DA:7,0
DA:8,0
DA:10,0
DA:11,0
DA:13,0
DA:14,0
DA:19,0
DA:20,0
DA:21,0
DA:22,0
DA:25,0
DA:27,0
DA:28,0
DA:33,0
DA:42,0
DA:43,0
DA:44,0
DA:46,0
DA:48,0
DA:49,0
DA:50,0
DA:52,0
LF:23
LH:0
BRDA:13,0,0,0
BRDA:13,0,1,0
BRDA:13,1,0,0
BRDA:13,1,1,0
BRDA:19,2,0,0
BRDA:19,2,1,0
BRDA:21,3,0,0
BRDA:21,3,1,0
BRDA:27,4,0,0
BRDA:27,4,1,0
BRF:10
BRH:0
end_of_record
TN:
SF:src\controllers\ResidenceController.js
FN:9,(anonymous_0)
FN:74,(anonymous_1)
FNF:2
FNH:0
FNDA:0,(anonymous_0)
FNDA:0,(anonymous_1)
DA:9,0
DA:10,0
DA:20,0
DA:22,0
DA:24,0
DA:25,0
DA:29,0
DA:31,0
DA:43,0
DA:44,0
DA:56,0
DA:60,0
DA:61,0
DA:62,0
DA:64,0
DA:66,0
DA:67,0
DA:68,0
DA:70,0
DA:74,0
DA:75,0
DA:76,0
DA:77,0
DA:79,0
DA:81,0
DA:82,0
DA:85,0
DA:86,0
DA:89,0
DA:90,0
DA:91,0
DA:92,0
DA:94,0
DA:96,0
DA:97,0
DA:98,0
DA:100,0
LF:37
LH:0
BRDA:24,0,0,0
BRDA:24,0,1,0
BRDA:81,1,0,0
BRDA:81,1,1,0
BRDA:85,2,0,0
BRDA:85,2,1,0
BRF:6
BRH:0
end_of_record
TN:
SF:src\controllers\UserController.js
FN:7,(anonymous_0)
FN:65,(anonymous_1)
FN:84,(anonymous_2)
FN:103,(anonymous_3)
FN:136,(anonymous_4)
FNF:5
FNH:0
FNDA:0,(anonymous_0)
FNDA:0,(anonymous_1)
FNDA:0,(anonymous_2)
FNDA:0,(anonymous_3)
FNDA:0,(anonymous_4)
DA:7,0
DA:8,0
DA:17,0
DA:19,0
DA:21,0
DA:31,0
DA:36,0
DA:37,0
DA:42,0
DA:43,0
DA:51,0
DA:52,0
DA:53,0
DA:55,0
DA:57,0
DA:58,0
DA:59,0
DA:61,0
DA:65,0
DA:66,0
DA:67,0
DA:69,0
DA:70,0
DA:71,0
DA:72,0
DA:74,0
DA:76,0
DA:77,0
DA:78,0
DA:80,0
DA:84,0
DA:85,0
DA:86,0
DA:88,0
DA:89,0
DA:90,0
DA:91,0
DA:93,0
DA:95,0
DA:96,0
DA:97,0
DA:99,0
DA:103,0
DA:104,0
DA:105,0
DA:106,0
DA:108,0
DA:109,0
DA:110,0
DA:113,0
DA:116,0
DA:117,0
DA:119,0
DA:122,0
DA:123,0
DA:124,0
DA:126,0
DA:128,0
DA:129,0
DA:130,0
DA:132,0
DA:136,0
DA:137,0
DA:138,0
DA:140,0
DA:141,0
DA:144,0
DA:145,0
DA:148,0
DA:149,0
DA:152,0
DA:153,0
DA:154,0
DA:156,0
DA:158,0
DA:159,0
DA:160,0
DA:162,0
LF:78
LH:0
BRDA:36,0,0,0
BRDA:36,0,1,0
BRDA:108,1,0,0
BRDA:108,1,1,0
BRDA:116,2,0,0
BRDA:116,2,1,0
BRDA:144,3,0,0
BRDA:144,3,1,0
BRDA:148,4,0,0
BRDA:148,4,1,0
BRF:10
BRH:0
end_of_record
TN:
SF:src\middlewares\Middlewares.js
FN:1,(anonymous_0)
FN:1,(anonymous_1)
FN:8,(anonymous_2)
FNF:3
FNH:0
FNDA:0,(anonymous_0)
FNDA:0,(anonymous_1)
FNDA:0,(anonymous_2)
DA:1,0
DA:2,0
DA:3,0
DA:4,0
DA:6,0
DA:8,0
LF:6
LH:0
BRF:0
BRH:0
end_of_record
TN:
SF:src\models\Residence-model.js
FNF:0
FNH:0
DA:3,0
LF:1
LH:0
BRF:0
BRH:0
end_of_record
TN:
SF:src\models\User-model.js
FNF:0
FNH:0
DA:3,0
LF:1
LH:0
BRF:0
BRH:0
end_of_record
TN:
SF:src\models\admin-model.js
FNF:0
FNH:0
DA:3,0
LF:1
LH:0
BRF:0
BRH:0
end_of_record
TN:
SF:src\repository\AdminRepository.js
FN:3,createAdmin
FN:11,findAdminByUsername
FN:19,findAdminById
FN:27,updateAdminById
FNF:4
FNH:0
FNDA:0,createAdmin
FNDA:0,findAdminByUsername
FNDA:0,findAdminById
FNDA:0,updateAdminById
DA:4,0
DA:5,0
DA:7,0
DA:12,0
DA:13,0
DA:15,0
DA:20,0
DA:21,0
DA:23,0
DA:28,0
DA:29,0
DA:33,0
LF:12
LH:0
BRF:0
BRH:0
end_of_record
TN:
SF:src\repository\ResidenceRepository.js
FN:3,createResidence
FN:11,findResidenceById
FNF:2
FNH:0
FNDA:0,createResidence
FNDA:0,findResidenceById
DA:4,0
DA:5,0
DA:7,0
DA:12,0
DA:13,0
DA:15,0
LF:6
LH:0
BRF:0
BRH:0
end_of_record
TN:
SF:src\repository\UserRepository.js
FN:3,createUser
FN:11,findUserById
FN:19,findUserByUsername
FN:27,findUsersByResidenceId
FN:43,deleteUserById
FN:53,updateUserById
FN:63,assingUserById
FNF:7
FNH:0
FNDA:0,createUser
FNDA:0,findUserById
FNDA:0,findUserByUsername
FNDA:0,findUsersByResidenceId
FNDA:0,deleteUserById
FNDA:0,updateUserById
FNDA:0,assingUserById
DA:4,0
DA:5,0
DA:7,0
DA:12,0
DA:13,0
DA:15,0
DA:20,0
DA:21,0
DA:23,0
DA:28,0
DA:29,0
DA:39,0
DA:44,0
DA:45,0
DA:49,0
DA:54,0
DA:55,0
DA:59,0
DA:64,0
DA:65,0
DA:73,0
LF:21
LH:0
BRF:0
BRH:0
end_of_record
TN:
SF:src\routes\AdminRoutes.js
FNF:0
FNH:0
DA:7,0
DA:9,0
DA:10,0
LF:3
LH:0
BRF:0
BRH:0
end_of_record
TN:
SF:src\routes\ResidenceRoutes.js
FNF:0
FNH:0
DA:7,0
DA:9,0
DA:10,0
LF:3
LH:0
BRF:0
BRH:0
end_of_record
TN:
SF:src\routes\UserRoutes.js
FNF:0
FNH:0
DA:8,0
DA:10,0
DA:11,0
DA:12,0
DA:13,0
DA:14,0
DA:15,0
LF:7
LH:0
BRF:0
BRH:0
end_of_record
TN:
SF:src\schemas-validation\Auth-schema.js
FNF:0
FNH:0
DA:3,0
DA:32,0
DA:73,0
DA:82,0
LF:4
LH:0
BRF:0
BRH:0
end_of_record
TN:
SF:src\utils\Response.js
FNF:0
FNH:0
DA:1,0
LF:1
LH:0
BRF:0
BRH:0
end_of_record
